<?xml version="1.0" encoding="UTF-8"?>
<!-- Generated by org.testng.reporters.JUnitXMLReporter -->
<testsuite hostname="LTIN336994" name="Default test" tests="2" failures="0" timestamp="21 Sep 2021 14:30:59 GMT" time="51.692" errors="0">
  <testcase name="testOnChromeWithFlipKartUrl" time="34.894" classname="com.browserstack.demo.Test.ParallelTestWithMultiThread"/>
  <testcase name="testOnFirefoxWithFlipKartUrl" time="16.774" classname="com.browserstack.demo.Test.ParallelTestWithMultiThread"/>
</testsuite> <!-- Default test -->
