<?xml version="1.0" encoding="UTF-8"?>
<!-- Generated by org.testng.reporters.JUnitXMLReporter -->
<testsuite hostname="LTIN336994" name="Test" tests="2" failures="0" timestamp="21 Sep 2021 14:50:57 GMT" time="50.298" errors="0">
  <testcase name="testOnFirefoxWithFlipKartUrl" time="31.457" classname="com.browserstack.demo.Test.ParallelTestWithMultiThreadBrowserStack"/>
  <testcase name="testOnChromeWithFlipKartUrl" time="50.275" classname="com.browserstack.demo.Test.ParallelTestWithMultiThreadBrowserStack"/>
</testsuite> <!-- Test -->
