<?xml version="1.0" encoding="UTF-8"?>
<testng-results skipped="0" failed="0" total="2" passed="2">
  <reporter-output>
  </reporter-output>
  <suite name="Suite" duration-ms="50298" started-at="2021-09-21T14:50:07Z" finished-at="2021-09-21T14:50:57Z">
    <groups>
    </groups>
    <test name="Test" duration-ms="50298" started-at="2021-09-21T14:50:07Z" finished-at="2021-09-21T14:50:57Z">
      <class name="com.browserstack.demo.Test.ParallelTestWithMultiThreadBrowserStack">
        <test-method status="PASS" signature="testOnChromeWithFlipKartUrl()[pri:0, instance:com.browserstack.demo.Test.ParallelTestWithMultiThreadBrowserStack@75329a49]" name="testOnChromeWithFlipKartUrl" duration-ms="50275" started-at="2021-09-21T20:20:07Z" finished-at="2021-09-21T20:20:57Z">
          <reporter-output>
          </reporter-output>
        </test-method> <!-- testOnChromeWithFlipKartUrl -->
        <test-method status="PASS" signature="testOnFirefoxWithFlipKartUrl()[pri:0, instance:com.browserstack.demo.Test.ParallelTestWithMultiThreadBrowserStack@75329a49]" name="testOnFirefoxWithFlipKartUrl" duration-ms="31457" started-at="2021-09-21T20:20:07Z" finished-at="2021-09-21T20:20:39Z">
          <reporter-output>
          </reporter-output>
        </test-method> <!-- testOnFirefoxWithFlipKartUrl -->
        <test-method status="PASS" signature="tearDown()[pri:0, instance:com.browserstack.demo.Test.ParallelTestWithMultiThreadBrowserStack@75329a49]" name="tearDown" is-config="true" duration-ms="1" started-at="2021-09-21T20:20:57Z" finished-at="2021-09-21T20:20:57Z">
          <reporter-output>
          </reporter-output>
        </test-method> <!-- tearDown -->
      </class> <!-- com.browserstack.demo.Test.ParallelTestWithMultiThreadBrowserStack -->
    </test> <!-- Test -->
  </suite> <!-- Suite -->
</testng-results>
